Determining if the pthread_create exist failed with the following output:
Change Dir: /afs/cern.ch/work/s/ssekhar/RadiationStudies17/build/CMakeFiles/CMakeTmp

Run Build Command:"/usr/bin/gmake" "cmTC_1df38/fast"
/usr/bin/gmake -f CMakeFiles/cmTC_1df38.dir/build.make CMakeFiles/cmTC_1df38.dir/build
gmake[1]: Entering directory `/afs/cern.ch/work/s/ssekhar/RadiationStudies17/build/CMakeFiles/CMakeTmp'
Building C object CMakeFiles/cmTC_1df38.dir/CheckSymbolExists.c.o
/cvmfs/atlas.cern.ch/repo/sw/ASG/2.6/sw/lcg/releases/gcc/4.9.3/x86_64-slc6/bin/gcc    -o CMakeFiles/cmTC_1df38.dir/CheckSymbolExists.c.o   -c /afs/cern.ch/work/s/ssekhar/RadiationStudies17/build/CMakeFiles/CMakeTmp/CheckSymbolExists.c
Linking C executable cmTC_1df38
/cvmfs/atlas.cern.ch/repo/ATLASLocalRootBase/x86_64/Cmake/3.11.0/Linux-x86_64/bin/cmake -E cmake_link_script CMakeFiles/cmTC_1df38.dir/link.txt --verbose=1
/cvmfs/atlas.cern.ch/repo/sw/ASG/2.6/sw/lcg/releases/gcc/4.9.3/x86_64-slc6/bin/gcc     -Wl,--as-needed -Wl,--hash-style=both  -rdynamic CMakeFiles/cmTC_1df38.dir/CheckSymbolExists.c.o  -o cmTC_1df38 
CMakeFiles/cmTC_1df38.dir/CheckSymbolExists.c.o: In function `main':
CheckSymbolExists.c:(.text+0x16): undefined reference to `pthread_create'
collect2: error: ld returned 1 exit status
gmake[1]: *** [cmTC_1df38] Error 1
gmake[1]: Leaving directory `/afs/cern.ch/work/s/ssekhar/RadiationStudies17/build/CMakeFiles/CMakeTmp'
gmake: *** [cmTC_1df38/fast] Error 2

File /afs/cern.ch/work/s/ssekhar/RadiationStudies17/build/CMakeFiles/CMakeTmp/CheckSymbolExists.c:
/* */
#include <pthread.h>

int main(int argc, char** argv)
{
  (void)argv;
#ifndef pthread_create
  return ((int*)(&pthread_create))[argc];
#else
  (void)argc;
  return 0;
#endif
}

Determining if the function pthread_create exists in the pthreads failed with the following output:
Change Dir: /afs/cern.ch/work/s/ssekhar/RadiationStudies17/build/CMakeFiles/CMakeTmp

Run Build Command:"/usr/bin/gmake" "cmTC_08765/fast"
/usr/bin/gmake -f CMakeFiles/cmTC_08765.dir/build.make CMakeFiles/cmTC_08765.dir/build
gmake[1]: Entering directory `/afs/cern.ch/work/s/ssekhar/RadiationStudies17/build/CMakeFiles/CMakeTmp'
Building C object CMakeFiles/cmTC_08765.dir/CheckFunctionExists.c.o
/cvmfs/atlas.cern.ch/repo/sw/ASG/2.6/sw/lcg/releases/gcc/4.9.3/x86_64-slc6/bin/gcc   -DCHECK_FUNCTION_EXISTS=pthread_create   -o CMakeFiles/cmTC_08765.dir/CheckFunctionExists.c.o   -c /cvmfs/atlas.cern.ch/repo/ATLASLocalRootBase/x86_64/Cmake/3.11.0/Linux-x86_64/share/cmake-3.11/Modules/CheckFunctionExists.c
Linking C executable cmTC_08765
/cvmfs/atlas.cern.ch/repo/ATLASLocalRootBase/x86_64/Cmake/3.11.0/Linux-x86_64/bin/cmake -E cmake_link_script CMakeFiles/cmTC_08765.dir/link.txt --verbose=1
/cvmfs/atlas.cern.ch/repo/sw/ASG/2.6/sw/lcg/releases/gcc/4.9.3/x86_64-slc6/bin/gcc  -DCHECK_FUNCTION_EXISTS=pthread_create   -Wl,--as-needed -Wl,--hash-style=both  -rdynamic CMakeFiles/cmTC_08765.dir/CheckFunctionExists.c.o  -o cmTC_08765 -lpthreads 
/usr/bin/ld: cannot find -lpthreads
collect2: error: ld returned 1 exit status
gmake[1]: *** [cmTC_08765] Error 1
gmake[1]: Leaving directory `/afs/cern.ch/work/s/ssekhar/RadiationStudies17/build/CMakeFiles/CMakeTmp'
gmake: *** [cmTC_08765/fast] Error 2


